<?xml version="1.0" encoding="UTF-8"?>
<!-- Generated by org.testng.reporters.JUnitXMLReporter -->
<testsuite ignored="0" hostname="DESKTOP-51S8IMU" failures="0" tests="20" name="Surefire test" time="163.042" errors="0" timestamp="2024-08-30T15:10:48 IST">
  <testcase classname="TestCases.FinalTest" name="EmptyInput" time="1.045"/>
  <testcase classname="TestCases.FinalTest" name="InvaidPage" time="3.943"/>
  <testcase classname="TestCases.FinalTest" name="InvalidInput" time="1.471"/>
  <testcase classname="TestCases.FinalTest" name="addToCart" time="4.476"/>
  <testcase classname="TestCases.FinalTest" name="addToWishlist" time="4.677"/>
  <testcase classname="TestCases.FinalTest" name="clearSearchBox" time="1.555"/>
  <testcase classname="TestCases.FinalTest" name="endToEndTest" time="4.435"/>
  <testcase classname="TestCases.FinalTest" name="gridView" time="2.597"/>
  <testcase classname="TestCases.FinalTest" name="listView" time="3.736"/>
  <testcase classname="TestCases.FinalTest" name="mixInput" time="2.547"/>
  <testcase classname="TestCases.FinalTest" name="refineByAvailability" time="2.916"/>
  <testcase classname="TestCases.FinalTest" name="refineByDiscount" time="2.717"/>
  <testcase classname="TestCases.FinalTest" name="refineByLanguage" time="2.56"/>
  <testcase classname="TestCases.FinalTest" name="refineByPrice" time="2.997"/>
  <testcase classname="TestCases.FinalTest" name="refineBySource" time="3.415"/>
  <testcase classname="TestCases.FinalTest" name="refineByTitle" time="2.232"/>
  <testcase classname="TestCases.FinalTest" name="refineBybinding" time="2.411"/>
  <testcase classname="TestCases.FinalTest" name="searchBook" time="2.199"/>
  <testcase classname="TestCases.FinalTest" name="searchByWriter" time="1.58"/>
  <testcase classname="TestCases.FinalTest" name="shortby" time="4.172"/>
</testsuite> <!-- Surefire test -->
