<?xml version="1.0" encoding="UTF-8"?>
<!-- Generated by org.testng.reporters.JUnitXMLReporter -->
<testsuite ignored="0" hostname="DESKTOP-51S8IMU" failures="0" tests="20" name="Surefire test" time="250.285" errors="0" timestamp="2024-08-31T18:56:58 IST">
  <testcase classname="TestCases.FinalTest" name="EmptyInput" time="1.244"/>
  <testcase classname="TestCases.FinalTest" name="InvaidPage" time="4.09"/>
  <testcase classname="TestCases.FinalTest" name="InvalidInput" time="2.344"/>
  <testcase classname="TestCases.FinalTest" name="addToCart" time="4.816"/>
  <testcase classname="TestCases.FinalTest" name="addToWishlist" time="5.628"/>
  <testcase classname="TestCases.FinalTest" name="clearSearchBox" time="2.682"/>
  <testcase classname="TestCases.FinalTest" name="endToEndTest" time="5.11"/>
  <testcase classname="TestCases.FinalTest" name="gridView" time="4.022"/>
  <testcase classname="TestCases.FinalTest" name="listView" time="4.636"/>
  <testcase classname="TestCases.FinalTest" name="mixInput" time="2.211"/>
  <testcase classname="TestCases.FinalTest" name="refineByAvailability" time="4.312"/>
  <testcase classname="TestCases.FinalTest" name="refineByDiscount" time="3.936"/>
  <testcase classname="TestCases.FinalTest" name="refineByLanguage" time="4.135"/>
  <testcase classname="TestCases.FinalTest" name="refineByPrice" time="3.552"/>
  <testcase classname="TestCases.FinalTest" name="refineBySource" time="3.42"/>
  <testcase classname="TestCases.FinalTest" name="refineByTitle" time="3.506"/>
  <testcase classname="TestCases.FinalTest" name="refineBybinding" time="3.956"/>
  <testcase classname="TestCases.FinalTest" name="searchBook" time="2.807"/>
  <testcase classname="TestCases.FinalTest" name="searchByWriter" time="2.265"/>
  <testcase classname="TestCases.FinalTest" name="shortby" time="5.663"/>
</testsuite> <!-- Surefire test -->
