<?xml version="1.0" encoding="UTF-8"?>
<!-- Generated by org.testng.reporters.JUnitXMLReporter -->
<testsuite ignored="0" hostname="DESKTOP-51S8IMU" failures="0" tests="20" name="Default test" time="249.832" errors="0" timestamp="2024-08-31T18:36:29 IST">
  <testcase classname="TestCases.FinalTest" name="EmptyInput" time="1.044"/>
  <testcase classname="TestCases.FinalTest" name="InvaidPage" time="3.483"/>
  <testcase classname="TestCases.FinalTest" name="InvalidInput" time="2.088"/>
  <testcase classname="TestCases.FinalTest" name="addToCart" time="5.656"/>
  <testcase classname="TestCases.FinalTest" name="addToWishlist" time="5.658"/>
  <testcase classname="TestCases.FinalTest" name="clearSearchBox" time="2.532"/>
  <testcase classname="TestCases.FinalTest" name="endToEndTest" time="5.084"/>
  <testcase classname="TestCases.FinalTest" name="gridView" time="3.786"/>
  <testcase classname="TestCases.FinalTest" name="listView" time="5.881"/>
  <testcase classname="TestCases.FinalTest" name="mixInput" time="2.364"/>
  <testcase classname="TestCases.FinalTest" name="refineByAvailability" time="4.079"/>
  <testcase classname="TestCases.FinalTest" name="refineByDiscount" time="3.988"/>
  <testcase classname="TestCases.FinalTest" name="refineByLanguage" time="3.548"/>
  <testcase classname="TestCases.FinalTest" name="refineByPrice" time="3.206"/>
  <testcase classname="TestCases.FinalTest" name="refineBySource" time="3.473"/>
  <testcase classname="TestCases.FinalTest" name="refineByTitle" time="3.115"/>
  <testcase classname="TestCases.FinalTest" name="refineBybinding" time="4.138"/>
  <testcase classname="TestCases.FinalTest" name="searchBook" time="2.616"/>
  <testcase classname="TestCases.FinalTest" name="searchByWriter" time="2.265"/>
  <testcase classname="TestCases.FinalTest" name="shortby" time="4.804"/>
</testsuite> <!-- Default test -->
