<?xml version="1.0" encoding="UTF-8"?>
<!-- Generated by org.testng.reporters.JUnitXMLReporter -->
<testsuite ignored="0" hostname="DESKTOP-51S8IMU" failures="0" tests="20" name="Default test" time="165.832" errors="0" timestamp="2024-08-29T13:07:01 IST">
  <testcase classname="TestCases.FinalTest" name="EmptyInput" time="0.65"/>
  <testcase classname="TestCases.FinalTest" name="InvaidPage" time="2.203"/>
  <testcase classname="TestCases.FinalTest" name="InvalidInput" time="1.406"/>
  <testcase classname="TestCases.FinalTest" name="addToCart" time="3.232"/>
  <testcase classname="TestCases.FinalTest" name="addToWishlist" time="3.304"/>
  <testcase classname="TestCases.FinalTest" name="clearSearchBox" time="2.333"/>
  <testcase classname="TestCases.FinalTest" name="endToEndTest" time="4.792"/>
  <testcase classname="TestCases.FinalTest" name="gridView" time="3.251"/>
  <testcase classname="TestCases.FinalTest" name="listView" time="3.729"/>
  <testcase classname="TestCases.FinalTest" name="mixInput" time="1.832"/>
  <testcase classname="TestCases.FinalTest" name="refineByAvailability" time="2.503"/>
  <testcase classname="TestCases.FinalTest" name="refineByDiscount" time="3.423"/>
  <testcase classname="TestCases.FinalTest" name="refineByLanguage" time="3.116"/>
  <testcase classname="TestCases.FinalTest" name="refineByPrice" time="2.391"/>
  <testcase classname="TestCases.FinalTest" name="refineBySource" time="2.375"/>
  <testcase classname="TestCases.FinalTest" name="refineByTitle" time="2.25"/>
  <testcase classname="TestCases.FinalTest" name="refineBybinding" time="3.315"/>
  <testcase classname="TestCases.FinalTest" name="searchBook" time="2.269"/>
  <testcase classname="TestCases.FinalTest" name="searchByWriter" time="1.784"/>
  <testcase classname="TestCases.FinalTest" name="shortby" time="3.15"/>
</testsuite> <!-- Default test -->
