<?xml version="1.0" encoding="UTF-8"?>
<testng-results ignored="0" total="20" passed="20" failed="0" skipped="0">
  <reporter-output>
  </reporter-output>
  <suite started-at="2024-08-31T18:52:48 IST" name="Surefire suite" finished-at="2024-08-31T18:56:58 IST" duration-ms="250285">
    <groups>
    </groups>
    <test started-at="2024-08-31T18:52:48 IST" name="Surefire test" finished-at="2024-08-31T18:56:58 IST" duration-ms="250285">
      <class name="TestCases.FinalTest">
        <test-method is-config="true" signature="reportconfig()[pri:0, instance:TestCases.FinalTest@50b472aa]" started-at="2024-08-31T18:52:48 IST" name="reportconfig" finished-at="2024-08-31T18:52:48 IST" duration-ms="453" status="PASS">
          <reporter-output>
          </reporter-output>
        </test-method> <!-- reportconfig -->
        <test-method is-config="true" signature="setup()[pri:0, instance:TestCases.FinalTest@50b472aa]" started-at="2024-08-31T18:52:48 IST" name="setup" finished-at="2024-08-31T18:52:58 IST" duration-ms="10294" status="PASS">
          <reporter-output>
          </reporter-output>
        </test-method> <!-- setup -->
        <test-method signature="EmptyInput()[pri:0, instance:TestCases.FinalTest@50b472aa]" started-at="2024-08-31T18:52:58 IST" name="EmptyInput" finished-at="2024-08-31T18:53:00 IST" duration-ms="1244" status="PASS">
          <reporter-output>
          </reporter-output>
        </test-method> <!-- EmptyInput -->
        <test-method is-config="true" signature="teardown()[pri:0, instance:TestCases.FinalTest@50b472aa]" started-at="2024-08-31T18:53:00 IST" name="teardown" finished-at="2024-08-31T18:53:00 IST" duration-ms="408" status="PASS">
          <reporter-output>
          </reporter-output>
        </test-method> <!-- teardown -->
        <test-method is-config="true" signature="setup()[pri:0, instance:TestCases.FinalTest@50b472aa]" started-at="2024-08-31T18:53:00 IST" name="setup" finished-at="2024-08-31T18:53:10 IST" duration-ms="9962" status="PASS">
          <reporter-output>
          </reporter-output>
        </test-method> <!-- setup -->
        <test-method signature="InvaidPage()[pri:0, instance:TestCases.FinalTest@50b472aa]" started-at="2024-08-31T18:53:10 IST" name="InvaidPage" finished-at="2024-08-31T18:53:14 IST" duration-ms="4090" status="PASS">
          <reporter-output>
          </reporter-output>
        </test-method> <!-- InvaidPage -->
        <test-method is-config="true" signature="teardown()[pri:0, instance:TestCases.FinalTest@50b472aa]" started-at="2024-08-31T18:53:14 IST" name="teardown" finished-at="2024-08-31T18:53:14 IST" duration-ms="376" status="PASS">
          <reporter-output>
          </reporter-output>
        </test-method> <!-- teardown -->
        <test-method is-config="true" signature="setup()[pri:0, instance:TestCases.FinalTest@50b472aa]" started-at="2024-08-31T18:53:14 IST" name="setup" finished-at="2024-08-31T18:53:22 IST" duration-ms="7833" status="PASS">
          <reporter-output>
          </reporter-output>
        </test-method> <!-- setup -->
        <test-method signature="InvalidInput()[pri:0, instance:TestCases.FinalTest@50b472aa]" started-at="2024-08-31T18:53:22 IST" name="InvalidInput" finished-at="2024-08-31T18:53:25 IST" duration-ms="2344" status="PASS">
          <reporter-output>
          </reporter-output>
        </test-method> <!-- InvalidInput -->
        <test-method is-config="true" signature="teardown()[pri:0, instance:TestCases.FinalTest@50b472aa]" started-at="2024-08-31T18:53:25 IST" name="teardown" finished-at="2024-08-31T18:53:25 IST" duration-ms="300" status="PASS">
          <reporter-output>
          </reporter-output>
        </test-method> <!-- teardown -->
        <test-method is-config="true" signature="setup()[pri:0, instance:TestCases.FinalTest@50b472aa]" started-at="2024-08-31T18:53:25 IST" name="setup" finished-at="2024-08-31T18:53:33 IST" duration-ms="8075" status="PASS">
          <reporter-output>
          </reporter-output>
        </test-method> <!-- setup -->
        <test-method signature="addToCart()[pri:0, instance:TestCases.FinalTest@50b472aa]" started-at="2024-08-31T18:53:33 IST" name="addToCart" finished-at="2024-08-31T18:53:38 IST" duration-ms="4816" status="PASS">
          <reporter-output>
          </reporter-output>
        </test-method> <!-- addToCart -->
        <test-method is-config="true" signature="teardown()[pri:0, instance:TestCases.FinalTest@50b472aa]" started-at="2024-08-31T18:53:38 IST" name="teardown" finished-at="2024-08-31T18:53:38 IST" duration-ms="331" status="PASS">
          <reporter-output>
          </reporter-output>
        </test-method> <!-- teardown -->
        <test-method is-config="true" signature="setup()[pri:0, instance:TestCases.FinalTest@50b472aa]" started-at="2024-08-31T18:53:38 IST" name="setup" finished-at="2024-08-31T18:53:46 IST" duration-ms="8144" status="PASS">
          <reporter-output>
          </reporter-output>
        </test-method> <!-- setup -->
        <test-method signature="addToWishlist()[pri:0, instance:TestCases.FinalTest@50b472aa]" started-at="2024-08-31T18:53:46 IST" name="addToWishlist" finished-at="2024-08-31T18:53:52 IST" duration-ms="5628" status="PASS">
          <reporter-output>
          </reporter-output>
        </test-method> <!-- addToWishlist -->
        <test-method is-config="true" signature="teardown()[pri:0, instance:TestCases.FinalTest@50b472aa]" started-at="2024-08-31T18:53:52 IST" name="teardown" finished-at="2024-08-31T18:53:52 IST" duration-ms="290" status="PASS">
          <reporter-output>
          </reporter-output>
        </test-method> <!-- teardown -->
        <test-method is-config="true" signature="setup()[pri:0, instance:TestCases.FinalTest@50b472aa]" started-at="2024-08-31T18:53:52 IST" name="setup" finished-at="2024-08-31T18:54:01 IST" duration-ms="8366" status="PASS">
          <reporter-output>
          </reporter-output>
        </test-method> <!-- setup -->
        <test-method signature="clearSearchBox()[pri:0, instance:TestCases.FinalTest@50b472aa]" started-at="2024-08-31T18:54:01 IST" name="clearSearchBox" finished-at="2024-08-31T18:54:03 IST" duration-ms="2682" status="PASS">
          <reporter-output>
          </reporter-output>
        </test-method> <!-- clearSearchBox -->
        <test-method is-config="true" signature="teardown()[pri:0, instance:TestCases.FinalTest@50b472aa]" started-at="2024-08-31T18:54:03 IST" name="teardown" finished-at="2024-08-31T18:54:04 IST" duration-ms="268" status="PASS">
          <reporter-output>
          </reporter-output>
        </test-method> <!-- teardown -->
        <test-method is-config="true" signature="setup()[pri:0, instance:TestCases.FinalTest@50b472aa]" started-at="2024-08-31T18:54:04 IST" name="setup" finished-at="2024-08-31T18:54:12 IST" duration-ms="7953" status="PASS">
          <reporter-output>
          </reporter-output>
        </test-method> <!-- setup -->
        <test-method signature="endToEndTest()[pri:0, instance:TestCases.FinalTest@50b472aa]" started-at="2024-08-31T18:54:12 IST" name="endToEndTest" finished-at="2024-08-31T18:54:17 IST" duration-ms="5110" status="PASS">
          <reporter-output>
          </reporter-output>
        </test-method> <!-- endToEndTest -->
        <test-method is-config="true" signature="teardown()[pri:0, instance:TestCases.FinalTest@50b472aa]" started-at="2024-08-31T18:54:17 IST" name="teardown" finished-at="2024-08-31T18:54:17 IST" duration-ms="324" status="PASS">
          <reporter-output>
          </reporter-output>
        </test-method> <!-- teardown -->
        <test-method is-config="true" signature="setup()[pri:0, instance:TestCases.FinalTest@50b472aa]" started-at="2024-08-31T18:54:17 IST" name="setup" finished-at="2024-08-31T18:54:26 IST" duration-ms="8543" status="PASS">
          <reporter-output>
          </reporter-output>
        </test-method> <!-- setup -->
        <test-method signature="gridView()[pri:0, instance:TestCases.FinalTest@50b472aa]" started-at="2024-08-31T18:54:26 IST" name="gridView" finished-at="2024-08-31T18:54:30 IST" duration-ms="4022" status="PASS">
          <reporter-output>
          </reporter-output>
        </test-method> <!-- gridView -->
        <test-method is-config="true" signature="teardown()[pri:0, instance:TestCases.FinalTest@50b472aa]" started-at="2024-08-31T18:54:30 IST" name="teardown" finished-at="2024-08-31T18:54:30 IST" duration-ms="337" status="PASS">
          <reporter-output>
          </reporter-output>
        </test-method> <!-- teardown -->
        <test-method is-config="true" signature="setup()[pri:0, instance:TestCases.FinalTest@50b472aa]" started-at="2024-08-31T18:54:30 IST" name="setup" finished-at="2024-08-31T18:54:38 IST" duration-ms="8187" status="PASS">
          <reporter-output>
          </reporter-output>
        </test-method> <!-- setup -->
        <test-method signature="listView()[pri:0, instance:TestCases.FinalTest@50b472aa]" started-at="2024-08-31T18:54:38 IST" name="listView" finished-at="2024-08-31T18:54:43 IST" duration-ms="4636" status="PASS">
          <reporter-output>
          </reporter-output>
        </test-method> <!-- listView -->
        <test-method is-config="true" signature="teardown()[pri:0, instance:TestCases.FinalTest@50b472aa]" started-at="2024-08-31T18:54:43 IST" name="teardown" finished-at="2024-08-31T18:54:43 IST" duration-ms="344" status="PASS">
          <reporter-output>
          </reporter-output>
        </test-method> <!-- teardown -->
        <test-method is-config="true" signature="setup()[pri:0, instance:TestCases.FinalTest@50b472aa]" started-at="2024-08-31T18:54:43 IST" name="setup" finished-at="2024-08-31T18:54:51 IST" duration-ms="8336" status="PASS">
          <reporter-output>
          </reporter-output>
        </test-method> <!-- setup -->
        <test-method signature="mixInput()[pri:0, instance:TestCases.FinalTest@50b472aa]" started-at="2024-08-31T18:54:51 IST" name="mixInput" finished-at="2024-08-31T18:54:54 IST" duration-ms="2211" status="PASS">
          <reporter-output>
          </reporter-output>
        </test-method> <!-- mixInput -->
        <test-method is-config="true" signature="teardown()[pri:0, instance:TestCases.FinalTest@50b472aa]" started-at="2024-08-31T18:54:54 IST" name="teardown" finished-at="2024-08-31T18:54:54 IST" duration-ms="347" status="PASS">
          <reporter-output>
          </reporter-output>
        </test-method> <!-- teardown -->
        <test-method is-config="true" signature="setup()[pri:0, instance:TestCases.FinalTest@50b472aa]" started-at="2024-08-31T18:54:54 IST" name="setup" finished-at="2024-08-31T18:55:02 IST" duration-ms="8229" status="PASS">
          <reporter-output>
          </reporter-output>
        </test-method> <!-- setup -->
        <test-method signature="refineByAvailability()[pri:0, instance:TestCases.FinalTest@50b472aa]" started-at="2024-08-31T18:55:02 IST" name="refineByAvailability" finished-at="2024-08-31T18:55:06 IST" duration-ms="4312" status="PASS">
          <reporter-output>
          </reporter-output>
        </test-method> <!-- refineByAvailability -->
        <test-method is-config="true" signature="teardown()[pri:0, instance:TestCases.FinalTest@50b472aa]" started-at="2024-08-31T18:55:06 IST" name="teardown" finished-at="2024-08-31T18:55:07 IST" duration-ms="327" status="PASS">
          <reporter-output>
          </reporter-output>
        </test-method> <!-- teardown -->
        <test-method is-config="true" signature="setup()[pri:0, instance:TestCases.FinalTest@50b472aa]" started-at="2024-08-31T18:55:07 IST" name="setup" finished-at="2024-08-31T18:55:16 IST" duration-ms="8967" status="PASS">
          <reporter-output>
          </reporter-output>
        </test-method> <!-- setup -->
        <test-method signature="refineByDiscount()[pri:0, instance:TestCases.FinalTest@50b472aa]" started-at="2024-08-31T18:55:16 IST" name="refineByDiscount" finished-at="2024-08-31T18:55:20 IST" duration-ms="3936" status="PASS">
          <reporter-output>
          </reporter-output>
        </test-method> <!-- refineByDiscount -->
        <test-method is-config="true" signature="teardown()[pri:0, instance:TestCases.FinalTest@50b472aa]" started-at="2024-08-31T18:55:20 IST" name="teardown" finished-at="2024-08-31T18:55:20 IST" duration-ms="354" status="PASS">
          <reporter-output>
          </reporter-output>
        </test-method> <!-- teardown -->
        <test-method is-config="true" signature="setup()[pri:0, instance:TestCases.FinalTest@50b472aa]" started-at="2024-08-31T18:55:20 IST" name="setup" finished-at="2024-08-31T18:55:28 IST" duration-ms="7951" status="PASS">
          <reporter-output>
          </reporter-output>
        </test-method> <!-- setup -->
        <test-method signature="refineByLanguage()[pri:0, instance:TestCases.FinalTest@50b472aa]" started-at="2024-08-31T18:55:28 IST" name="refineByLanguage" finished-at="2024-08-31T18:55:32 IST" duration-ms="4135" status="PASS">
          <reporter-output>
          </reporter-output>
        </test-method> <!-- refineByLanguage -->
        <test-method is-config="true" signature="teardown()[pri:0, instance:TestCases.FinalTest@50b472aa]" started-at="2024-08-31T18:55:32 IST" name="teardown" finished-at="2024-08-31T18:55:32 IST" duration-ms="346" status="PASS">
          <reporter-output>
          </reporter-output>
        </test-method> <!-- teardown -->
        <test-method is-config="true" signature="setup()[pri:0, instance:TestCases.FinalTest@50b472aa]" started-at="2024-08-31T18:55:32 IST" name="setup" finished-at="2024-08-31T18:55:41 IST" duration-ms="8534" status="PASS">
          <reporter-output>
          </reporter-output>
        </test-method> <!-- setup -->
        <test-method signature="refineByPrice()[pri:0, instance:TestCases.FinalTest@50b472aa]" started-at="2024-08-31T18:55:41 IST" name="refineByPrice" finished-at="2024-08-31T18:55:45 IST" duration-ms="3552" status="PASS">
          <reporter-output>
          </reporter-output>
        </test-method> <!-- refineByPrice -->
        <test-method is-config="true" signature="teardown()[pri:0, instance:TestCases.FinalTest@50b472aa]" started-at="2024-08-31T18:55:45 IST" name="teardown" finished-at="2024-08-31T18:55:45 IST" duration-ms="312" status="PASS">
          <reporter-output>
          </reporter-output>
        </test-method> <!-- teardown -->
        <test-method is-config="true" signature="setup()[pri:0, instance:TestCases.FinalTest@50b472aa]" started-at="2024-08-31T18:55:45 IST" name="setup" finished-at="2024-08-31T18:55:53 IST" duration-ms="7953" status="PASS">
          <reporter-output>
          </reporter-output>
        </test-method> <!-- setup -->
        <test-method signature="refineBySource()[pri:0, instance:TestCases.FinalTest@50b472aa]" started-at="2024-08-31T18:55:53 IST" name="refineBySource" finished-at="2024-08-31T18:55:56 IST" duration-ms="3420" status="PASS">
          <reporter-output>
          </reporter-output>
        </test-method> <!-- refineBySource -->
        <test-method is-config="true" signature="teardown()[pri:0, instance:TestCases.FinalTest@50b472aa]" started-at="2024-08-31T18:55:56 IST" name="teardown" finished-at="2024-08-31T18:55:57 IST" duration-ms="329" status="PASS">
          <reporter-output>
          </reporter-output>
        </test-method> <!-- teardown -->
        <test-method is-config="true" signature="setup()[pri:0, instance:TestCases.FinalTest@50b472aa]" started-at="2024-08-31T18:55:57 IST" name="setup" finished-at="2024-08-31T18:56:05 IST" duration-ms="8030" status="PASS">
          <reporter-output>
          </reporter-output>
        </test-method> <!-- setup -->
        <test-method signature="refineByTitle()[pri:0, instance:TestCases.FinalTest@50b472aa]" started-at="2024-08-31T18:56:05 IST" name="refineByTitle" finished-at="2024-08-31T18:56:08 IST" duration-ms="3506" status="PASS">
          <reporter-output>
          </reporter-output>
        </test-method> <!-- refineByTitle -->
        <test-method is-config="true" signature="teardown()[pri:0, instance:TestCases.FinalTest@50b472aa]" started-at="2024-08-31T18:56:08 IST" name="teardown" finished-at="2024-08-31T18:56:08 IST" duration-ms="306" status="PASS">
          <reporter-output>
          </reporter-output>
        </test-method> <!-- teardown -->
        <test-method is-config="true" signature="setup()[pri:0, instance:TestCases.FinalTest@50b472aa]" started-at="2024-08-31T18:56:08 IST" name="setup" finished-at="2024-08-31T18:56:17 IST" duration-ms="8242" status="PASS">
          <reporter-output>
          </reporter-output>
        </test-method> <!-- setup -->
        <test-method signature="refineBybinding()[pri:0, instance:TestCases.FinalTest@50b472aa]" started-at="2024-08-31T18:56:17 IST" name="refineBybinding" finished-at="2024-08-31T18:56:21 IST" duration-ms="3956" status="PASS">
          <reporter-output>
          </reporter-output>
        </test-method> <!-- refineBybinding -->
        <test-method is-config="true" signature="teardown()[pri:0, instance:TestCases.FinalTest@50b472aa]" started-at="2024-08-31T18:56:21 IST" name="teardown" finished-at="2024-08-31T18:56:21 IST" duration-ms="331" status="PASS">
          <reporter-output>
          </reporter-output>
        </test-method> <!-- teardown -->
        <test-method is-config="true" signature="setup()[pri:0, instance:TestCases.FinalTest@50b472aa]" started-at="2024-08-31T18:56:21 IST" name="setup" finished-at="2024-08-31T18:56:29 IST" duration-ms="8098" status="PASS">
          <reporter-output>
          </reporter-output>
        </test-method> <!-- setup -->
        <test-method signature="searchBook()[pri:0, instance:TestCases.FinalTest@50b472aa]" started-at="2024-08-31T18:56:29 IST" name="searchBook" finished-at="2024-08-31T18:56:32 IST" duration-ms="2807" status="PASS">
          <reporter-output>
          </reporter-output>
        </test-method> <!-- searchBook -->
        <test-method is-config="true" signature="teardown()[pri:0, instance:TestCases.FinalTest@50b472aa]" started-at="2024-08-31T18:56:32 IST" name="teardown" finished-at="2024-08-31T18:56:32 IST" duration-ms="284" status="PASS">
          <reporter-output>
          </reporter-output>
        </test-method> <!-- teardown -->
        <test-method is-config="true" signature="setup()[pri:0, instance:TestCases.FinalTest@50b472aa]" started-at="2024-08-31T18:56:32 IST" name="setup" finished-at="2024-08-31T18:56:41 IST" duration-ms="8488" status="PASS">
          <reporter-output>
          </reporter-output>
        </test-method> <!-- setup -->
        <test-method signature="searchByWriter()[pri:0, instance:TestCases.FinalTest@50b472aa]" started-at="2024-08-31T18:56:41 IST" name="searchByWriter" finished-at="2024-08-31T18:56:43 IST" duration-ms="2265" status="PASS">
          <reporter-output>
          </reporter-output>
        </test-method> <!-- searchByWriter -->
        <test-method is-config="true" signature="teardown()[pri:0, instance:TestCases.FinalTest@50b472aa]" started-at="2024-08-31T18:56:43 IST" name="teardown" finished-at="2024-08-31T18:56:43 IST" duration-ms="276" status="PASS">
          <reporter-output>
          </reporter-output>
        </test-method> <!-- teardown -->
        <test-method is-config="true" signature="setup()[pri:0, instance:TestCases.FinalTest@50b472aa]" started-at="2024-08-31T18:56:43 IST" name="setup" finished-at="2024-08-31T18:56:51 IST" duration-ms="8200" status="PASS">
          <reporter-output>
          </reporter-output>
        </test-method> <!-- setup -->
        <test-method signature="shortby()[pri:0, instance:TestCases.FinalTest@50b472aa]" started-at="2024-08-31T18:56:51 IST" name="shortby" finished-at="2024-08-31T18:56:57 IST" duration-ms="5663" status="PASS">
          <reporter-output>
          </reporter-output>
        </test-method> <!-- shortby -->
        <test-method is-config="true" signature="teardown()[pri:0, instance:TestCases.FinalTest@50b472aa]" started-at="2024-08-31T18:56:57 IST" name="teardown" finished-at="2024-08-31T18:56:57 IST" duration-ms="287" status="PASS">
          <reporter-output>
          </reporter-output>
        </test-method> <!-- teardown -->
        <test-method is-config="true" signature="flush()[pri:0, instance:TestCases.FinalTest@50b472aa]" started-at="2024-08-31T18:56:57 IST" name="flush" finished-at="2024-08-31T18:56:58 IST" duration-ms="516" status="PASS">
          <reporter-output>
          </reporter-output>
        </test-method> <!-- flush -->
      </class> <!-- TestCases.FinalTest -->
    </test> <!-- Surefire test -->
  </suite> <!-- Surefire suite -->
</testng-results>
