<?xml version="1.0" encoding="UTF-8"?>
<testng-results ignored="0" total="20" passed="20" failed="0" skipped="0">
  <reporter-output>
  </reporter-output>
  <suite started-at="2024-08-31T18:32:19 IST" name="Default suite" finished-at="2024-08-31T18:36:29 IST" duration-ms="249832">
    <groups>
    </groups>
    <test started-at="2024-08-31T18:32:19 IST" name="Default test" finished-at="2024-08-31T18:36:29 IST" duration-ms="249832">
      <class name="TestCases.FinalTest">
        <test-method is-config="true" signature="reportconfig()[pri:0, instance:TestCases.FinalTest@1972e513]" started-at="2024-08-31T18:32:19 IST" name="reportconfig" finished-at="2024-08-31T18:32:20 IST" duration-ms="441" status="PASS">
          <reporter-output>
          </reporter-output>
        </test-method> <!-- reportconfig -->
        <test-method is-config="true" signature="setup()[pri:0, instance:TestCases.FinalTest@1972e513]" started-at="2024-08-31T18:32:20 IST" name="setup" finished-at="2024-08-31T18:32:29 IST" duration-ms="9264" status="PASS">
          <reporter-output>
          </reporter-output>
        </test-method> <!-- setup -->
        <test-method signature="EmptyInput()[pri:0, instance:TestCases.FinalTest@1972e513]" started-at="2024-08-31T18:32:29 IST" name="EmptyInput" finished-at="2024-08-31T18:32:30 IST" duration-ms="1044" status="PASS">
          <reporter-output>
          </reporter-output>
        </test-method> <!-- EmptyInput -->
        <test-method is-config="true" signature="teardown()[pri:0, instance:TestCases.FinalTest@1972e513]" started-at="2024-08-31T18:32:30 IST" name="teardown" finished-at="2024-08-31T18:32:30 IST" duration-ms="287" status="PASS">
          <reporter-output>
          </reporter-output>
        </test-method> <!-- teardown -->
        <test-method is-config="true" signature="setup()[pri:0, instance:TestCases.FinalTest@1972e513]" started-at="2024-08-31T18:32:30 IST" name="setup" finished-at="2024-08-31T18:32:39 IST" duration-ms="8563" status="PASS">
          <reporter-output>
          </reporter-output>
        </test-method> <!-- setup -->
        <test-method signature="InvaidPage()[pri:0, instance:TestCases.FinalTest@1972e513]" started-at="2024-08-31T18:32:39 IST" name="InvaidPage" finished-at="2024-08-31T18:32:42 IST" duration-ms="3483" status="PASS">
          <reporter-output>
          </reporter-output>
        </test-method> <!-- InvaidPage -->
        <test-method is-config="true" signature="teardown()[pri:0, instance:TestCases.FinalTest@1972e513]" started-at="2024-08-31T18:32:42 IST" name="teardown" finished-at="2024-08-31T18:32:43 IST" duration-ms="292" status="PASS">
          <reporter-output>
          </reporter-output>
        </test-method> <!-- teardown -->
        <test-method is-config="true" signature="setup()[pri:0, instance:TestCases.FinalTest@1972e513]" started-at="2024-08-31T18:32:43 IST" name="setup" finished-at="2024-08-31T18:32:52 IST" duration-ms="9080" status="PASS">
          <reporter-output>
          </reporter-output>
        </test-method> <!-- setup -->
        <test-method signature="InvalidInput()[pri:0, instance:TestCases.FinalTest@1972e513]" started-at="2024-08-31T18:32:52 IST" name="InvalidInput" finished-at="2024-08-31T18:32:54 IST" duration-ms="2088" status="PASS">
          <reporter-output>
          </reporter-output>
        </test-method> <!-- InvalidInput -->
        <test-method is-config="true" signature="teardown()[pri:0, instance:TestCases.FinalTest@1972e513]" started-at="2024-08-31T18:32:54 IST" name="teardown" finished-at="2024-08-31T18:32:54 IST" duration-ms="431" status="PASS">
          <reporter-output>
          </reporter-output>
        </test-method> <!-- teardown -->
        <test-method is-config="true" signature="setup()[pri:0, instance:TestCases.FinalTest@1972e513]" started-at="2024-08-31T18:32:54 IST" name="setup" finished-at="2024-08-31T18:33:03 IST" duration-ms="8733" status="PASS">
          <reporter-output>
          </reporter-output>
        </test-method> <!-- setup -->
        <test-method signature="addToCart()[pri:0, instance:TestCases.FinalTest@1972e513]" started-at="2024-08-31T18:33:03 IST" name="addToCart" finished-at="2024-08-31T18:33:09 IST" duration-ms="5656" status="PASS">
          <reporter-output>
          </reporter-output>
        </test-method> <!-- addToCart -->
        <test-method is-config="true" signature="teardown()[pri:0, instance:TestCases.FinalTest@1972e513]" started-at="2024-08-31T18:33:09 IST" name="teardown" finished-at="2024-08-31T18:33:09 IST" duration-ms="372" status="PASS">
          <reporter-output>
          </reporter-output>
        </test-method> <!-- teardown -->
        <test-method is-config="true" signature="setup()[pri:0, instance:TestCases.FinalTest@1972e513]" started-at="2024-08-31T18:33:09 IST" name="setup" finished-at="2024-08-31T18:33:19 IST" duration-ms="9860" status="PASS">
          <reporter-output>
          </reporter-output>
        </test-method> <!-- setup -->
        <test-method signature="addToWishlist()[pri:0, instance:TestCases.FinalTest@1972e513]" started-at="2024-08-31T18:33:19 IST" name="addToWishlist" finished-at="2024-08-31T18:33:24 IST" duration-ms="5658" status="PASS">
          <reporter-output>
          </reporter-output>
        </test-method> <!-- addToWishlist -->
        <test-method is-config="true" signature="teardown()[pri:0, instance:TestCases.FinalTest@1972e513]" started-at="2024-08-31T18:33:24 IST" name="teardown" finished-at="2024-08-31T18:33:25 IST" duration-ms="284" status="PASS">
          <reporter-output>
          </reporter-output>
        </test-method> <!-- teardown -->
        <test-method is-config="true" signature="setup()[pri:0, instance:TestCases.FinalTest@1972e513]" started-at="2024-08-31T18:33:25 IST" name="setup" finished-at="2024-08-31T18:33:33 IST" duration-ms="8310" status="PASS">
          <reporter-output>
          </reporter-output>
        </test-method> <!-- setup -->
        <test-method signature="clearSearchBox()[pri:0, instance:TestCases.FinalTest@1972e513]" started-at="2024-08-31T18:33:33 IST" name="clearSearchBox" finished-at="2024-08-31T18:33:36 IST" duration-ms="2532" status="PASS">
          <reporter-output>
          </reporter-output>
        </test-method> <!-- clearSearchBox -->
        <test-method is-config="true" signature="teardown()[pri:0, instance:TestCases.FinalTest@1972e513]" started-at="2024-08-31T18:33:36 IST" name="teardown" finished-at="2024-08-31T18:33:36 IST" duration-ms="312" status="PASS">
          <reporter-output>
          </reporter-output>
        </test-method> <!-- teardown -->
        <test-method is-config="true" signature="setup()[pri:0, instance:TestCases.FinalTest@1972e513]" started-at="2024-08-31T18:33:36 IST" name="setup" finished-at="2024-08-31T18:33:44 IST" duration-ms="8186" status="PASS">
          <reporter-output>
          </reporter-output>
        </test-method> <!-- setup -->
        <test-method signature="endToEndTest()[pri:0, instance:TestCases.FinalTest@1972e513]" started-at="2024-08-31T18:33:44 IST" name="endToEndTest" finished-at="2024-08-31T18:33:49 IST" duration-ms="5084" status="PASS">
          <reporter-output>
          </reporter-output>
        </test-method> <!-- endToEndTest -->
        <test-method is-config="true" signature="teardown()[pri:0, instance:TestCases.FinalTest@1972e513]" started-at="2024-08-31T18:33:49 IST" name="teardown" finished-at="2024-08-31T18:33:49 IST" duration-ms="287" status="PASS">
          <reporter-output>
          </reporter-output>
        </test-method> <!-- teardown -->
        <test-method is-config="true" signature="setup()[pri:0, instance:TestCases.FinalTest@1972e513]" started-at="2024-08-31T18:33:49 IST" name="setup" finished-at="2024-08-31T18:33:57 IST" duration-ms="8035" status="PASS">
          <reporter-output>
          </reporter-output>
        </test-method> <!-- setup -->
        <test-method signature="gridView()[pri:0, instance:TestCases.FinalTest@1972e513]" started-at="2024-08-31T18:33:57 IST" name="gridView" finished-at="2024-08-31T18:34:01 IST" duration-ms="3786" status="PASS">
          <reporter-output>
          </reporter-output>
        </test-method> <!-- gridView -->
        <test-method is-config="true" signature="teardown()[pri:0, instance:TestCases.FinalTest@1972e513]" started-at="2024-08-31T18:34:01 IST" name="teardown" finished-at="2024-08-31T18:34:02 IST" duration-ms="280" status="PASS">
          <reporter-output>
          </reporter-output>
        </test-method> <!-- teardown -->
        <test-method is-config="true" signature="setup()[pri:0, instance:TestCases.FinalTest@1972e513]" started-at="2024-08-31T18:34:02 IST" name="setup" finished-at="2024-08-31T18:34:09 IST" duration-ms="7795" status="PASS">
          <reporter-output>
          </reporter-output>
        </test-method> <!-- setup -->
        <test-method signature="listView()[pri:0, instance:TestCases.FinalTest@1972e513]" started-at="2024-08-31T18:34:09 IST" name="listView" finished-at="2024-08-31T18:34:15 IST" duration-ms="5881" status="PASS">
          <reporter-output>
          </reporter-output>
        </test-method> <!-- listView -->
        <test-method is-config="true" signature="teardown()[pri:0, instance:TestCases.FinalTest@1972e513]" started-at="2024-08-31T18:34:15 IST" name="teardown" finished-at="2024-08-31T18:34:16 IST" duration-ms="373" status="PASS">
          <reporter-output>
          </reporter-output>
        </test-method> <!-- teardown -->
        <test-method is-config="true" signature="setup()[pri:0, instance:TestCases.FinalTest@1972e513]" started-at="2024-08-31T18:34:16 IST" name="setup" finished-at="2024-08-31T18:34:24 IST" duration-ms="8675" status="PASS">
          <reporter-output>
          </reporter-output>
        </test-method> <!-- setup -->
        <test-method signature="mixInput()[pri:0, instance:TestCases.FinalTest@1972e513]" started-at="2024-08-31T18:34:24 IST" name="mixInput" finished-at="2024-08-31T18:34:27 IST" duration-ms="2364" status="PASS">
          <reporter-output>
          </reporter-output>
        </test-method> <!-- mixInput -->
        <test-method is-config="true" signature="teardown()[pri:0, instance:TestCases.FinalTest@1972e513]" started-at="2024-08-31T18:34:27 IST" name="teardown" finished-at="2024-08-31T18:34:27 IST" duration-ms="312" status="PASS">
          <reporter-output>
          </reporter-output>
        </test-method> <!-- teardown -->
        <test-method is-config="true" signature="setup()[pri:0, instance:TestCases.FinalTest@1972e513]" started-at="2024-08-31T18:34:27 IST" name="setup" finished-at="2024-08-31T18:34:35 IST" duration-ms="8057" status="PASS">
          <reporter-output>
          </reporter-output>
        </test-method> <!-- setup -->
        <test-method signature="refineByAvailability()[pri:0, instance:TestCases.FinalTest@1972e513]" started-at="2024-08-31T18:34:35 IST" name="refineByAvailability" finished-at="2024-08-31T18:34:39 IST" duration-ms="4079" status="PASS">
          <reporter-output>
          </reporter-output>
        </test-method> <!-- refineByAvailability -->
        <test-method is-config="true" signature="teardown()[pri:0, instance:TestCases.FinalTest@1972e513]" started-at="2024-08-31T18:34:39 IST" name="teardown" finished-at="2024-08-31T18:34:39 IST" duration-ms="306" status="PASS">
          <reporter-output>
          </reporter-output>
        </test-method> <!-- teardown -->
        <test-method is-config="true" signature="setup()[pri:0, instance:TestCases.FinalTest@1972e513]" started-at="2024-08-31T18:34:39 IST" name="setup" finished-at="2024-08-31T18:34:48 IST" duration-ms="8610" status="PASS">
          <reporter-output>
          </reporter-output>
        </test-method> <!-- setup -->
        <test-method signature="refineByDiscount()[pri:0, instance:TestCases.FinalTest@1972e513]" started-at="2024-08-31T18:34:48 IST" name="refineByDiscount" finished-at="2024-08-31T18:34:52 IST" duration-ms="3988" status="PASS">
          <reporter-output>
          </reporter-output>
        </test-method> <!-- refineByDiscount -->
        <test-method is-config="true" signature="teardown()[pri:0, instance:TestCases.FinalTest@1972e513]" started-at="2024-08-31T18:34:52 IST" name="teardown" finished-at="2024-08-31T18:34:52 IST" duration-ms="272" status="PASS">
          <reporter-output>
          </reporter-output>
        </test-method> <!-- teardown -->
        <test-method is-config="true" signature="setup()[pri:0, instance:TestCases.FinalTest@1972e513]" started-at="2024-08-31T18:34:52 IST" name="setup" finished-at="2024-08-31T18:35:00 IST" duration-ms="8027" status="PASS">
          <reporter-output>
          </reporter-output>
        </test-method> <!-- setup -->
        <test-method signature="refineByLanguage()[pri:0, instance:TestCases.FinalTest@1972e513]" started-at="2024-08-31T18:35:00 IST" name="refineByLanguage" finished-at="2024-08-31T18:35:04 IST" duration-ms="3548" status="PASS">
          <reporter-output>
          </reporter-output>
        </test-method> <!-- refineByLanguage -->
        <test-method is-config="true" signature="teardown()[pri:0, instance:TestCases.FinalTest@1972e513]" started-at="2024-08-31T18:35:04 IST" name="teardown" finished-at="2024-08-31T18:35:04 IST" duration-ms="284" status="PASS">
          <reporter-output>
          </reporter-output>
        </test-method> <!-- teardown -->
        <test-method is-config="true" signature="setup()[pri:0, instance:TestCases.FinalTest@1972e513]" started-at="2024-08-31T18:35:04 IST" name="setup" finished-at="2024-08-31T18:35:13 IST" duration-ms="8971" status="PASS">
          <reporter-output>
          </reporter-output>
        </test-method> <!-- setup -->
        <test-method signature="refineByPrice()[pri:0, instance:TestCases.FinalTest@1972e513]" started-at="2024-08-31T18:35:13 IST" name="refineByPrice" finished-at="2024-08-31T18:35:16 IST" duration-ms="3206" status="PASS">
          <reporter-output>
          </reporter-output>
        </test-method> <!-- refineByPrice -->
        <test-method is-config="true" signature="teardown()[pri:0, instance:TestCases.FinalTest@1972e513]" started-at="2024-08-31T18:35:16 IST" name="teardown" finished-at="2024-08-31T18:35:17 IST" duration-ms="357" status="PASS">
          <reporter-output>
          </reporter-output>
        </test-method> <!-- teardown -->
        <test-method is-config="true" signature="setup()[pri:0, instance:TestCases.FinalTest@1972e513]" started-at="2024-08-31T18:35:17 IST" name="setup" finished-at="2024-08-31T18:35:25 IST" duration-ms="8219" status="PASS">
          <reporter-output>
          </reporter-output>
        </test-method> <!-- setup -->
        <test-method signature="refineBySource()[pri:0, instance:TestCases.FinalTest@1972e513]" started-at="2024-08-31T18:35:25 IST" name="refineBySource" finished-at="2024-08-31T18:35:28 IST" duration-ms="3473" status="PASS">
          <reporter-output>
          </reporter-output>
        </test-method> <!-- refineBySource -->
        <test-method is-config="true" signature="teardown()[pri:0, instance:TestCases.FinalTest@1972e513]" started-at="2024-08-31T18:35:28 IST" name="teardown" finished-at="2024-08-31T18:35:29 IST" duration-ms="305" status="PASS">
          <reporter-output>
          </reporter-output>
        </test-method> <!-- teardown -->
        <test-method is-config="true" signature="setup()[pri:0, instance:TestCases.FinalTest@1972e513]" started-at="2024-08-31T18:35:29 IST" name="setup" finished-at="2024-08-31T18:35:37 IST" duration-ms="8240" status="PASS">
          <reporter-output>
          </reporter-output>
        </test-method> <!-- setup -->
        <test-method signature="refineByTitle()[pri:0, instance:TestCases.FinalTest@1972e513]" started-at="2024-08-31T18:35:37 IST" name="refineByTitle" finished-at="2024-08-31T18:35:40 IST" duration-ms="3115" status="PASS">
          <reporter-output>
          </reporter-output>
        </test-method> <!-- refineByTitle -->
        <test-method is-config="true" signature="teardown()[pri:0, instance:TestCases.FinalTest@1972e513]" started-at="2024-08-31T18:35:40 IST" name="teardown" finished-at="2024-08-31T18:35:40 IST" duration-ms="277" status="PASS">
          <reporter-output>
          </reporter-output>
        </test-method> <!-- teardown -->
        <test-method is-config="true" signature="setup()[pri:0, instance:TestCases.FinalTest@1972e513]" started-at="2024-08-31T18:35:40 IST" name="setup" finished-at="2024-08-31T18:35:48 IST" duration-ms="7777" status="PASS">
          <reporter-output>
          </reporter-output>
        </test-method> <!-- setup -->
        <test-method signature="refineBybinding()[pri:0, instance:TestCases.FinalTest@1972e513]" started-at="2024-08-31T18:35:48 IST" name="refineBybinding" finished-at="2024-08-31T18:35:52 IST" duration-ms="4138" status="PASS">
          <reporter-output>
          </reporter-output>
        </test-method> <!-- refineBybinding -->
        <test-method is-config="true" signature="teardown()[pri:0, instance:TestCases.FinalTest@1972e513]" started-at="2024-08-31T18:35:52 IST" name="teardown" finished-at="2024-08-31T18:35:53 IST" duration-ms="371" status="PASS">
          <reporter-output>
          </reporter-output>
        </test-method> <!-- teardown -->
        <test-method is-config="true" signature="setup()[pri:0, instance:TestCases.FinalTest@1972e513]" started-at="2024-08-31T18:35:53 IST" name="setup" finished-at="2024-08-31T18:36:01 IST" duration-ms="8547" status="PASS">
          <reporter-output>
          </reporter-output>
        </test-method> <!-- setup -->
        <test-method signature="searchBook()[pri:0, instance:TestCases.FinalTest@1972e513]" started-at="2024-08-31T18:36:01 IST" name="searchBook" finished-at="2024-08-31T18:36:04 IST" duration-ms="2616" status="PASS">
          <reporter-output>
          </reporter-output>
        </test-method> <!-- searchBook -->
        <test-method is-config="true" signature="teardown()[pri:0, instance:TestCases.FinalTest@1972e513]" started-at="2024-08-31T18:36:04 IST" name="teardown" finished-at="2024-08-31T18:36:04 IST" duration-ms="298" status="PASS">
          <reporter-output>
          </reporter-output>
        </test-method> <!-- teardown -->
        <test-method is-config="true" signature="setup()[pri:0, instance:TestCases.FinalTest@1972e513]" started-at="2024-08-31T18:36:04 IST" name="setup" finished-at="2024-08-31T18:36:13 IST" duration-ms="8584" status="PASS">
          <reporter-output>
          </reporter-output>
        </test-method> <!-- setup -->
        <test-method signature="searchByWriter()[pri:0, instance:TestCases.FinalTest@1972e513]" started-at="2024-08-31T18:36:13 IST" name="searchByWriter" finished-at="2024-08-31T18:36:15 IST" duration-ms="2265" status="PASS">
          <reporter-output>
          </reporter-output>
        </test-method> <!-- searchByWriter -->
        <test-method is-config="true" signature="teardown()[pri:0, instance:TestCases.FinalTest@1972e513]" started-at="2024-08-31T18:36:15 IST" name="teardown" finished-at="2024-08-31T18:36:15 IST" duration-ms="343" status="PASS">
          <reporter-output>
          </reporter-output>
        </test-method> <!-- teardown -->
        <test-method is-config="true" signature="setup()[pri:0, instance:TestCases.FinalTest@1972e513]" started-at="2024-08-31T18:36:15 IST" name="setup" finished-at="2024-08-31T18:36:23 IST" duration-ms="8091" status="PASS">
          <reporter-output>
          </reporter-output>
        </test-method> <!-- setup -->
        <test-method signature="shortby()[pri:0, instance:TestCases.FinalTest@1972e513]" started-at="2024-08-31T18:36:23 IST" name="shortby" finished-at="2024-08-31T18:36:28 IST" duration-ms="4804" status="PASS">
          <reporter-output>
          </reporter-output>
        </test-method> <!-- shortby -->
        <test-method is-config="true" signature="teardown()[pri:0, instance:TestCases.FinalTest@1972e513]" started-at="2024-08-31T18:36:28 IST" name="teardown" finished-at="2024-08-31T18:36:28 IST" duration-ms="299" status="PASS">
          <reporter-output>
          </reporter-output>
        </test-method> <!-- teardown -->
        <test-method is-config="true" signature="flush()[pri:0, instance:TestCases.FinalTest@1972e513]" started-at="2024-08-31T18:36:28 IST" name="flush" finished-at="2024-08-31T18:36:29 IST" duration-ms="427" status="PASS">
          <reporter-output>
          </reporter-output>
        </test-method> <!-- flush -->
      </class> <!-- TestCases.FinalTest -->
    </test> <!-- Default test -->
  </suite> <!-- Default suite -->
</testng-results>
